<?xml version="1.0" encoding="UTF-8"?>
<testsuite xmlns:xsi="http://www.w3.org/2001/XMLSchema-instance" xsi:noNamespaceSchemaLocation="https://maven.apache.org/surefire/maven-surefire-plugin/xsd/surefire-test-report.xsd" version="3.0.2" name="com.tecnocampus.outlaws.CucumberTest" time="1.851" tests="23" errors="0" skipped="0" failures="0">
  <properties>
    <property name="java.specification.version" value="23"/>
    <property name="sun.jnu.encoding" value="UTF-8"/>
    <property name="java.class.path" value="/Users/jordib/Dropbox/Documents/Personal/Professor/2025/Wild West Outlaws API - Individual Ex 1/target/test-classes:/Users/jordib/Dropbox/Documents/Personal/Professor/2025/Wild West Outlaws API - Individual Ex 1/target/classes:/Users/jordib/.m2/repository/org/springframework/boot/spring-boot-starter-web/3.4.3/spring-boot-starter-web-3.4.3.jar:/Users/jordib/.m2/repository/org/springframework/boot/spring-boot-starter/3.4.3/spring-boot-starter-3.4.3.jar:/Users/jordib/.m2/repository/org/springframework/boot/spring-boot/3.4.3/spring-boot-3.4.3.jar:/Users/jordib/.m2/repository/org/springframework/boot/spring-boot-autoconfigure/3.4.3/spring-boot-autoconfigure-3.4.3.jar:/Users/jordib/.m2/repository/org/springframework/boot/spring-boot-starter-logging/3.4.3/spring-boot-starter-logging-3.4.3.jar:/Users/jordib/.m2/repository/ch/qos/logback/logback-classic/1.5.16/logback-classic-1.5.16.jar:/Users/jordib/.m2/repository/ch/qos/logback/logback-core/1.5.16/logback-core-1.5.16.jar:/Users/jordib/.m2/repository/org/apache/logging/log4j/log4j-to-slf4j/2.24.3/log4j-to-slf4j-2.24.3.jar:/Users/jordib/.m2/repository/org/apache/logging/log4j/log4j-api/2.24.3/log4j-api-2.24.3.jar:/Users/jordib/.m2/repository/org/slf4j/jul-to-slf4j/2.0.16/jul-to-slf4j-2.0.16.jar:/Users/jordib/.m2/repository/jakarta/annotation/jakarta.annotation-api/2.1.1/jakarta.annotation-api-2.1.1.jar:/Users/jordib/.m2/repository/org/yaml/snakeyaml/2.3/snakeyaml-2.3.jar:/Users/jordib/.m2/repository/org/springframework/boot/spring-boot-starter-json/3.4.3/spring-boot-starter-json-3.4.3.jar:/Users/jordib/.m2/repository/com/fasterxml/jackson/core/jackson-databind/2.18.2/jackson-databind-2.18.2.jar:/Users/jordib/.m2/repository/com/fasterxml/jackson/core/jackson-core/2.18.2/jackson-core-2.18.2.jar:/Users/jordib/.m2/repository/com/fasterxml/jackson/datatype/jackson-datatype-jdk8/2.18.2/jackson-datatype-jdk8-2.18.2.jar:/Users/jordib/.m2/repository/com/fasterxml/jackson/datatype/jackson-datatype-jsr310/2.18.2/jackson-datatype-jsr310-2.18.2.jar:/Users/jordib/.m2/repository/com/fasterxml/jackson/module/jackson-module-parameter-names/2.18.2/jackson-module-parameter-names-2.18.2.jar:/Users/jordib/.m2/repository/org/springframework/boot/spring-boot-starter-tomcat/3.4.3/spring-boot-starter-tomcat-3.4.3.jar:/Users/jordib/.m2/repository/org/apache/tomcat/embed/tomcat-embed-core/10.1.36/tomcat-embed-core-10.1.36.jar:/Users/jordib/.m2/repository/org/apache/tomcat/embed/tomcat-embed-el/10.1.36/tomcat-embed-el-10.1.36.jar:/Users/jordib/.m2/repository/org/apache/tomcat/embed/tomcat-embed-websocket/10.1.36/tomcat-embed-websocket-10.1.36.jar:/Users/jordib/.m2/repository/org/springframework/spring-web/6.2.3/spring-web-6.2.3.jar:/Users/jordib/.m2/repository/org/springframework/spring-beans/6.2.3/spring-beans-6.2.3.jar:/Users/jordib/.m2/repository/io/micrometer/micrometer-observation/1.14.4/micrometer-observation-1.14.4.jar:/Users/jordib/.m2/repository/io/micrometer/micrometer-commons/1.14.4/micrometer-commons-1.14.4.jar:/Users/jordib/.m2/repository/org/springframework/spring-webmvc/6.2.3/spring-webmvc-6.2.3.jar:/Users/jordib/.m2/repository/org/springframework/spring-aop/6.2.3/spring-aop-6.2.3.jar:/Users/jordib/.m2/repository/org/springframework/spring-context/6.2.3/spring-context-6.2.3.jar:/Users/jordib/.m2/repository/org/springframework/spring-expression/6.2.3/spring-expression-6.2.3.jar:/Users/jordib/.m2/repository/org/springframework/boot/spring-boot-starter-data-rest/3.4.3/spring-boot-starter-data-rest-3.4.3.jar:/Users/jordib/.m2/repository/org/springframework/data/spring-data-rest-webmvc/4.4.3/spring-data-rest-webmvc-4.4.3.jar:/Users/jordib/.m2/repository/org/springframework/data/spring-data-rest-core/4.4.3/spring-data-rest-core-4.4.3.jar:/Users/jordib/.m2/repository/org/springframework/spring-tx/6.2.3/spring-tx-6.2.3.jar:/Users/jordib/.m2/repository/org/springframework/hateoas/spring-hateoas/2.4.1/spring-hateoas-2.4.1.jar:/Users/jordib/.m2/repository/org/springframework/data/spring-data-commons/3.4.3/spring-data-commons-3.4.3.jar:/Users/jordib/.m2/repository/org/springframework/plugin/spring-plugin-core/3.0.0/spring-plugin-core-3.0.0.jar:/Users/jordib/.m2/repository/org/atteo/evo-inflector/1.3/evo-inflector-1.3.jar:/Users/jordib/.m2/repository/com/fasterxml/jackson/core/jackson-annotations/2.18.2/jackson-annotations-2.18.2.jar:/Users/jordib/.m2/repository/org/slf4j/slf4j-api/2.0.16/slf4j-api-2.0.16.jar:/Users/jordib/.m2/repository/jakarta/validation/jakarta.validation-api/3.0.2/jakarta.validation-api-3.0.2.jar:/Users/jordib/.m2/repository/org/springframework/boot/spring-boot-starter-test/3.4.3/spring-boot-starter-test-3.4.3.jar:/Users/jordib/.m2/repository/org/springframework/boot/spring-boot-test/3.4.3/spring-boot-test-3.4.3.jar:/Users/jordib/.m2/repository/org/springframework/boot/spring-boot-test-autoconfigure/3.4.3/spring-boot-test-autoconfigure-3.4.3.jar:/Users/jordib/.m2/repository/com/jayway/jsonpath/json-path/2.9.0/json-path-2.9.0.jar:/Users/jordib/.m2/repository/jakarta/xml/bind/jakarta.xml.bind-api/4.0.2/jakarta.xml.bind-api-4.0.2.jar:/Users/jordib/.m2/repository/jakarta/activation/jakarta.activation-api/2.1.3/jakarta.activation-api-2.1.3.jar:/Users/jordib/.m2/repository/net/minidev/json-smart/2.5.2/json-smart-2.5.2.jar:/Users/jordib/.m2/repository/net/minidev/accessors-smart/2.5.2/accessors-smart-2.5.2.jar:/Users/jordib/.m2/repository/org/ow2/asm/asm/9.7.1/asm-9.7.1.jar:/Users/jordib/.m2/repository/org/assertj/assertj-core/3.26.3/assertj-core-3.26.3.jar:/Users/jordib/.m2/repository/net/bytebuddy/byte-buddy/1.15.11/byte-buddy-1.15.11.jar:/Users/jordib/.m2/repository/org/awaitility/awaitility/4.2.2/awaitility-4.2.2.jar:/Users/jordib/.m2/repository/org/hamcrest/hamcrest/2.2/hamcrest-2.2.jar:/Users/jordib/.m2/repository/org/junit/jupiter/junit-jupiter/5.11.4/junit-jupiter-5.11.4.jar:/Users/jordib/.m2/repository/org/junit/jupiter/junit-jupiter-api/5.11.4/junit-jupiter-api-5.11.4.jar:/Users/jordib/.m2/repository/org/junit/jupiter/junit-jupiter-params/5.11.4/junit-jupiter-params-5.11.4.jar:/Users/jordib/.m2/repository/org/junit/jupiter/junit-jupiter-engine/5.11.4/junit-jupiter-engine-5.11.4.jar:/Users/jordib/.m2/repository/org/mockito/mockito-core/5.14.2/mockito-core-5.14.2.jar:/Users/jordib/.m2/repository/net/bytebuddy/byte-buddy-agent/1.15.11/byte-buddy-agent-1.15.11.jar:/Users/jordib/.m2/repository/org/objenesis/objenesis/3.3/objenesis-3.3.jar:/Users/jordib/.m2/repository/org/mockito/mockito-junit-jupiter/5.14.2/mockito-junit-jupiter-5.14.2.jar:/Users/jordib/.m2/repository/org/skyscreamer/jsonassert/1.5.3/jsonassert-1.5.3.jar:/Users/jordib/.m2/repository/com/vaadin/external/google/android-json/0.0.20131108.vaadin1/android-json-0.0.20131108.vaadin1.jar:/Users/jordib/.m2/repository/org/springframework/spring-core/6.2.3/spring-core-6.2.3.jar:/Users/jordib/.m2/repository/org/springframework/spring-jcl/6.2.3/spring-jcl-6.2.3.jar:/Users/jordib/.m2/repository/org/springframework/spring-test/6.2.3/spring-test-6.2.3.jar:/Users/jordib/.m2/repository/org/xmlunit/xmlunit-core/2.10.0/xmlunit-core-2.10.0.jar:/Users/jordib/.m2/repository/io/cucumber/cucumber-junit-platform-engine/7.14.0/cucumber-junit-platform-engine-7.14.0.jar:/Users/jordib/.m2/repository/org/junit/platform/junit-platform-engine/1.11.4/junit-platform-engine-1.11.4.jar:/Users/jordib/.m2/repository/org/opentest4j/opentest4j/1.3.0/opentest4j-1.3.0.jar:/Users/jordib/.m2/repository/org/junit/platform/junit-platform-commons/1.11.4/junit-platform-commons-1.11.4.jar:/Users/jordib/.m2/repository/io/cucumber/cucumber-java/7.14.0/cucumber-java-7.14.0.jar:/Users/jordib/.m2/repository/org/apiguardian/apiguardian-api/1.1.2/apiguardian-api-1.1.2.jar:/Users/jordib/.m2/repository/io/cucumber/cucumber-core/7.14.0/cucumber-core-7.14.0.jar:/Users/jordib/.m2/repository/io/cucumber/cucumber-gherkin/7.14.0/cucumber-gherkin-7.14.0.jar:/Users/jordib/.m2/repository/io/cucumber/cucumber-gherkin-messages/7.14.0/cucumber-gherkin-messages-7.14.0.jar:/Users/jordib/.m2/repository/io/cucumber/gherkin/26.2.0/gherkin-26.2.0.jar:/Users/jordib/.m2/repository/io/cucumber/messages/22.0.0/messages-22.0.0.jar:/Users/jordib/.m2/repository/io/cucumber/tag-expressions/5.0.6/tag-expressions-5.0.6.jar:/Users/jordib/.m2/repository/io/cucumber/cucumber-expressions/16.1.2/cucumber-expressions-16.1.2.jar:/Users/jordib/.m2/repository/io/cucumber/datatable/7.14.0/datatable-7.14.0.jar:/Users/jordib/.m2/repository/io/cucumber/cucumber-plugin/7.14.0/cucumber-plugin-7.14.0.jar:/Users/jordib/.m2/repository/io/cucumber/docstring/7.14.0/docstring-7.14.0.jar:/Users/jordib/.m2/repository/io/cucumber/html-formatter/20.4.0/html-formatter-20.4.0.jar:/Users/jordib/.m2/repository/io/cucumber/junit-xml-formatter/0.2.0/junit-xml-formatter-0.2.0.jar:/Users/jordib/.m2/repository/io/cucumber/ci-environment/9.2.0/ci-environment-9.2.0.jar:/Users/jordib/.m2/repository/io/cucumber/cucumber-spring/7.14.0/cucumber-spring-7.14.0.jar:/Users/jordib/.m2/repository/io/cucumber/cucumber-junit/7.14.0/cucumber-junit-7.14.0.jar:/Users/jordib/.m2/repository/junit/junit/4.13.2/junit-4.13.2.jar:/Users/jordib/.m2/repository/org/hamcrest/hamcrest-core/2.2/hamcrest-core-2.2.jar:/Users/jordib/.m2/repository/org/junit/platform/junit-platform-suite/1.10.0/junit-platform-suite-1.10.0.jar:/Users/jordib/.m2/repository/org/junit/platform/junit-platform-suite-api/1.11.4/junit-platform-suite-api-1.11.4.jar:/Users/jordib/.m2/repository/org/junit/platform/junit-platform-suite-engine/1.11.4/junit-platform-suite-engine-1.11.4.jar:/Users/jordib/.m2/repository/org/junit/platform/junit-platform-suite-commons/1.11.4/junit-platform-suite-commons-1.11.4.jar:/Users/jordib/.m2/repository/org/junit/platform/junit-platform-launcher/1.11.4/junit-platform-launcher-1.11.4.jar:"/>
    <property name="java.vm.vendor" value="Oracle Corporation"/>
    <property name="sun.arch.data.model" value="64"/>
    <property name="java.vendor.url" value="https://java.oracle.com/"/>
    <property name="user.timezone" value="Europe/Madrid"/>
    <property name="os.name" value="Mac OS X"/>
    <property name="java.vm.specification.version" value="23"/>
    <property name="APPLICATION_NAME" value="Wild West Outlaws"/>
    <property name="sun.java.launcher" value="SUN_STANDARD"/>
    <property name="user.country" value="ES"/>
    <property name="sun.boot.library.path" value="/Users/jordib/Library/Java/JavaVirtualMachines/openjdk-23.0.1/Contents/Home/lib"/>
    <property name="sun.java.command" value="/Users/jordib/Dropbox/Documents/Personal/Professor/2025/Wild West Outlaws API - Individual Ex 1/target/surefire/surefirebooter-20250307121830436_3.jar /Users/jordib/Dropbox/Documents/Personal/Professor/2025/Wild West Outlaws API - Individual Ex 1/target/surefire 2025-03-07T12-18-30_393-jvmRun1 surefire-20250307121830436_1tmp surefire_0-20250307121830436_2tmp"/>
    <property name="http.nonProxyHosts" value="local|*.local|169.254/16|*.169.254/16"/>
    <property name="jdk.debug" value="release"/>
    <property name="surefire.test.class.path" value="/Users/jordib/Dropbox/Documents/Personal/Professor/2025/Wild West Outlaws API - Individual Ex 1/target/test-classes:/Users/jordib/Dropbox/Documents/Personal/Professor/2025/Wild West Outlaws API - Individual Ex 1/target/classes:/Users/jordib/.m2/repository/org/springframework/boot/spring-boot-starter-web/3.4.3/spring-boot-starter-web-3.4.3.jar:/Users/jordib/.m2/repository/org/springframework/boot/spring-boot-starter/3.4.3/spring-boot-starter-3.4.3.jar:/Users/jordib/.m2/repository/org/springframework/boot/spring-boot/3.4.3/spring-boot-3.4.3.jar:/Users/jordib/.m2/repository/org/springframework/boot/spring-boot-autoconfigure/3.4.3/spring-boot-autoconfigure-3.4.3.jar:/Users/jordib/.m2/repository/org/springframework/boot/spring-boot-starter-logging/3.4.3/spring-boot-starter-logging-3.4.3.jar:/Users/jordib/.m2/repository/ch/qos/logback/logback-classic/1.5.16/logback-classic-1.5.16.jar:/Users/jordib/.m2/repository/ch/qos/logback/logback-core/1.5.16/logback-core-1.5.16.jar:/Users/jordib/.m2/repository/org/apache/logging/log4j/log4j-to-slf4j/2.24.3/log4j-to-slf4j-2.24.3.jar:/Users/jordib/.m2/repository/org/apache/logging/log4j/log4j-api/2.24.3/log4j-api-2.24.3.jar:/Users/jordib/.m2/repository/org/slf4j/jul-to-slf4j/2.0.16/jul-to-slf4j-2.0.16.jar:/Users/jordib/.m2/repository/jakarta/annotation/jakarta.annotation-api/2.1.1/jakarta.annotation-api-2.1.1.jar:/Users/jordib/.m2/repository/org/yaml/snakeyaml/2.3/snakeyaml-2.3.jar:/Users/jordib/.m2/repository/org/springframework/boot/spring-boot-starter-json/3.4.3/spring-boot-starter-json-3.4.3.jar:/Users/jordib/.m2/repository/com/fasterxml/jackson/core/jackson-databind/2.18.2/jackson-databind-2.18.2.jar:/Users/jordib/.m2/repository/com/fasterxml/jackson/core/jackson-core/2.18.2/jackson-core-2.18.2.jar:/Users/jordib/.m2/repository/com/fasterxml/jackson/datatype/jackson-datatype-jdk8/2.18.2/jackson-datatype-jdk8-2.18.2.jar:/Users/jordib/.m2/repository/com/fasterxml/jackson/datatype/jackson-datatype-jsr310/2.18.2/jackson-datatype-jsr310-2.18.2.jar:/Users/jordib/.m2/repository/com/fasterxml/jackson/module/jackson-module-parameter-names/2.18.2/jackson-module-parameter-names-2.18.2.jar:/Users/jordib/.m2/repository/org/springframework/boot/spring-boot-starter-tomcat/3.4.3/spring-boot-starter-tomcat-3.4.3.jar:/Users/jordib/.m2/repository/org/apache/tomcat/embed/tomcat-embed-core/10.1.36/tomcat-embed-core-10.1.36.jar:/Users/jordib/.m2/repository/org/apache/tomcat/embed/tomcat-embed-el/10.1.36/tomcat-embed-el-10.1.36.jar:/Users/jordib/.m2/repository/org/apache/tomcat/embed/tomcat-embed-websocket/10.1.36/tomcat-embed-websocket-10.1.36.jar:/Users/jordib/.m2/repository/org/springframework/spring-web/6.2.3/spring-web-6.2.3.jar:/Users/jordib/.m2/repository/org/springframework/spring-beans/6.2.3/spring-beans-6.2.3.jar:/Users/jordib/.m2/repository/io/micrometer/micrometer-observation/1.14.4/micrometer-observation-1.14.4.jar:/Users/jordib/.m2/repository/io/micrometer/micrometer-commons/1.14.4/micrometer-commons-1.14.4.jar:/Users/jordib/.m2/repository/org/springframework/spring-webmvc/6.2.3/spring-webmvc-6.2.3.jar:/Users/jordib/.m2/repository/org/springframework/spring-aop/6.2.3/spring-aop-6.2.3.jar:/Users/jordib/.m2/repository/org/springframework/spring-context/6.2.3/spring-context-6.2.3.jar:/Users/jordib/.m2/repository/org/springframework/spring-expression/6.2.3/spring-expression-6.2.3.jar:/Users/jordib/.m2/repository/org/springframework/boot/spring-boot-starter-data-rest/3.4.3/spring-boot-starter-data-rest-3.4.3.jar:/Users/jordib/.m2/repository/org/springframework/data/spring-data-rest-webmvc/4.4.3/spring-data-rest-webmvc-4.4.3.jar:/Users/jordib/.m2/repository/org/springframework/data/spring-data-rest-core/4.4.3/spring-data-rest-core-4.4.3.jar:/Users/jordib/.m2/repository/org/springframework/spring-tx/6.2.3/spring-tx-6.2.3.jar:/Users/jordib/.m2/repository/org/springframework/hateoas/spring-hateoas/2.4.1/spring-hateoas-2.4.1.jar:/Users/jordib/.m2/repository/org/springframework/data/spring-data-commons/3.4.3/spring-data-commons-3.4.3.jar:/Users/jordib/.m2/repository/org/springframework/plugin/spring-plugin-core/3.0.0/spring-plugin-core-3.0.0.jar:/Users/jordib/.m2/repository/org/atteo/evo-inflector/1.3/evo-inflector-1.3.jar:/Users/jordib/.m2/repository/com/fasterxml/jackson/core/jackson-annotations/2.18.2/jackson-annotations-2.18.2.jar:/Users/jordib/.m2/repository/org/slf4j/slf4j-api/2.0.16/slf4j-api-2.0.16.jar:/Users/jordib/.m2/repository/jakarta/validation/jakarta.validation-api/3.0.2/jakarta.validation-api-3.0.2.jar:/Users/jordib/.m2/repository/org/springframework/boot/spring-boot-starter-test/3.4.3/spring-boot-starter-test-3.4.3.jar:/Users/jordib/.m2/repository/org/springframework/boot/spring-boot-test/3.4.3/spring-boot-test-3.4.3.jar:/Users/jordib/.m2/repository/org/springframework/boot/spring-boot-test-autoconfigure/3.4.3/spring-boot-test-autoconfigure-3.4.3.jar:/Users/jordib/.m2/repository/com/jayway/jsonpath/json-path/2.9.0/json-path-2.9.0.jar:/Users/jordib/.m2/repository/jakarta/xml/bind/jakarta.xml.bind-api/4.0.2/jakarta.xml.bind-api-4.0.2.jar:/Users/jordib/.m2/repository/jakarta/activation/jakarta.activation-api/2.1.3/jakarta.activation-api-2.1.3.jar:/Users/jordib/.m2/repository/net/minidev/json-smart/2.5.2/json-smart-2.5.2.jar:/Users/jordib/.m2/repository/net/minidev/accessors-smart/2.5.2/accessors-smart-2.5.2.jar:/Users/jordib/.m2/repository/org/ow2/asm/asm/9.7.1/asm-9.7.1.jar:/Users/jordib/.m2/repository/org/assertj/assertj-core/3.26.3/assertj-core-3.26.3.jar:/Users/jordib/.m2/repository/net/bytebuddy/byte-buddy/1.15.11/byte-buddy-1.15.11.jar:/Users/jordib/.m2/repository/org/awaitility/awaitility/4.2.2/awaitility-4.2.2.jar:/Users/jordib/.m2/repository/org/hamcrest/hamcrest/2.2/hamcrest-2.2.jar:/Users/jordib/.m2/repository/org/junit/jupiter/junit-jupiter/5.11.4/junit-jupiter-5.11.4.jar:/Users/jordib/.m2/repository/org/junit/jupiter/junit-jupiter-api/5.11.4/junit-jupiter-api-5.11.4.jar:/Users/jordib/.m2/repository/org/junit/jupiter/junit-jupiter-params/5.11.4/junit-jupiter-params-5.11.4.jar:/Users/jordib/.m2/repository/org/junit/jupiter/junit-jupiter-engine/5.11.4/junit-jupiter-engine-5.11.4.jar:/Users/jordib/.m2/repository/org/mockito/mockito-core/5.14.2/mockito-core-5.14.2.jar:/Users/jordib/.m2/repository/net/bytebuddy/byte-buddy-agent/1.15.11/byte-buddy-agent-1.15.11.jar:/Users/jordib/.m2/repository/org/objenesis/objenesis/3.3/objenesis-3.3.jar:/Users/jordib/.m2/repository/org/mockito/mockito-junit-jupiter/5.14.2/mockito-junit-jupiter-5.14.2.jar:/Users/jordib/.m2/repository/org/skyscreamer/jsonassert/1.5.3/jsonassert-1.5.3.jar:/Users/jordib/.m2/repository/com/vaadin/external/google/android-json/0.0.20131108.vaadin1/android-json-0.0.20131108.vaadin1.jar:/Users/jordib/.m2/repository/org/springframework/spring-core/6.2.3/spring-core-6.2.3.jar:/Users/jordib/.m2/repository/org/springframework/spring-jcl/6.2.3/spring-jcl-6.2.3.jar:/Users/jordib/.m2/repository/org/springframework/spring-test/6.2.3/spring-test-6.2.3.jar:/Users/jordib/.m2/repository/org/xmlunit/xmlunit-core/2.10.0/xmlunit-core-2.10.0.jar:/Users/jordib/.m2/repository/io/cucumber/cucumber-junit-platform-engine/7.14.0/cucumber-junit-platform-engine-7.14.0.jar:/Users/jordib/.m2/repository/org/junit/platform/junit-platform-engine/1.11.4/junit-platform-engine-1.11.4.jar:/Users/jordib/.m2/repository/org/opentest4j/opentest4j/1.3.0/opentest4j-1.3.0.jar:/Users/jordib/.m2/repository/org/junit/platform/junit-platform-commons/1.11.4/junit-platform-commons-1.11.4.jar:/Users/jordib/.m2/repository/io/cucumber/cucumber-java/7.14.0/cucumber-java-7.14.0.jar:/Users/jordib/.m2/repository/org/apiguardian/apiguardian-api/1.1.2/apiguardian-api-1.1.2.jar:/Users/jordib/.m2/repository/io/cucumber/cucumber-core/7.14.0/cucumber-core-7.14.0.jar:/Users/jordib/.m2/repository/io/cucumber/cucumber-gherkin/7.14.0/cucumber-gherkin-7.14.0.jar:/Users/jordib/.m2/repository/io/cucumber/cucumber-gherkin-messages/7.14.0/cucumber-gherkin-messages-7.14.0.jar:/Users/jordib/.m2/repository/io/cucumber/gherkin/26.2.0/gherkin-26.2.0.jar:/Users/jordib/.m2/repository/io/cucumber/messages/22.0.0/messages-22.0.0.jar:/Users/jordib/.m2/repository/io/cucumber/tag-expressions/5.0.6/tag-expressions-5.0.6.jar:/Users/jordib/.m2/repository/io/cucumber/cucumber-expressions/16.1.2/cucumber-expressions-16.1.2.jar:/Users/jordib/.m2/repository/io/cucumber/datatable/7.14.0/datatable-7.14.0.jar:/Users/jordib/.m2/repository/io/cucumber/cucumber-plugin/7.14.0/cucumber-plugin-7.14.0.jar:/Users/jordib/.m2/repository/io/cucumber/docstring/7.14.0/docstring-7.14.0.jar:/Users/jordib/.m2/repository/io/cucumber/html-formatter/20.4.0/html-formatter-20.4.0.jar:/Users/jordib/.m2/repository/io/cucumber/junit-xml-formatter/0.2.0/junit-xml-formatter-0.2.0.jar:/Users/jordib/.m2/repository/io/cucumber/ci-environment/9.2.0/ci-environment-9.2.0.jar:/Users/jordib/.m2/repository/io/cucumber/cucumber-spring/7.14.0/cucumber-spring-7.14.0.jar:/Users/jordib/.m2/repository/io/cucumber/cucumber-junit/7.14.0/cucumber-junit-7.14.0.jar:/Users/jordib/.m2/repository/junit/junit/4.13.2/junit-4.13.2.jar:/Users/jordib/.m2/repository/org/hamcrest/hamcrest-core/2.2/hamcrest-core-2.2.jar:/Users/jordib/.m2/repository/org/junit/platform/junit-platform-suite/1.10.0/junit-platform-suite-1.10.0.jar:/Users/jordib/.m2/repository/org/junit/platform/junit-platform-suite-api/1.11.4/junit-platform-suite-api-1.11.4.jar:/Users/jordib/.m2/repository/org/junit/platform/junit-platform-suite-engine/1.11.4/junit-platform-suite-engine-1.11.4.jar:/Users/jordib/.m2/repository/org/junit/platform/junit-platform-suite-commons/1.11.4/junit-platform-suite-commons-1.11.4.jar:/Users/jordib/.m2/repository/org/junit/platform/junit-platform-launcher/1.11.4/junit-platform-launcher-1.11.4.jar:"/>
    <property name="sun.cpu.endian" value="little"/>
    <property name="user.home" value="/Users/jordib"/>
    <property name="user.language" value="ca"/>
    <property name="java.specification.vendor" value="Oracle Corporation"/>
    <property name="java.version.date" value="2024-10-15"/>
    <property name="java.home" value="/Users/jordib/Library/Java/JavaVirtualMachines/openjdk-23.0.1/Contents/Home"/>
    <property name="file.separator" value="/"/>
    <property name="basedir" value="/Users/jordib/Dropbox/Documents/Personal/Professor/2025/Wild West Outlaws API - Individual Ex 1"/>
    <property name="java.vm.compressedOopsMode" value="Zero based"/>
    <property name="line.separator" value="&#10;"/>
    <property name="java.vm.specification.vendor" value="Oracle Corporation"/>
    <property name="java.specification.name" value="Java Platform API Specification"/>
    <property name="FILE_LOG_CHARSET" value="UTF-8"/>
    <property name="java.awt.headless" value="true"/>
    <property name="apple.awt.application.name" value="ForkedBooter"/>
    <property name="surefire.real.class.path" value="/Users/jordib/Dropbox/Documents/Personal/Professor/2025/Wild West Outlaws API - Individual Ex 1/target/surefire/surefirebooter-20250307121830436_3.jar"/>
    <property name="sun.management.compiler" value="HotSpot 64-Bit Tiered Compilers"/>
    <property name="ftp.nonProxyHosts" value="local|*.local|169.254/16|*.169.254/16"/>
    <property name="cucumber.plugin" value="pretty,summary,junit:target/cucumber.xml"/>
    <property name="java.runtime.version" value="23.0.1+11-39"/>
    <property name="user.name" value="jordib"/>
    <property name="stdout.encoding" value="UTF-8"/>
    <property name="path.separator" value=":"/>
    <property name="os.version" value="14.4.1"/>
    <property name="java.runtime.name" value="OpenJDK Runtime Environment"/>
    <property name="file.encoding" value="UTF-8"/>
    <property name="java.vm.name" value="OpenJDK 64-Bit Server VM"/>
    <property name="localRepository" value="/Users/jordib/.m2/repository"/>
    <property name="java.vendor.url.bug" value="https://bugreport.java.com/bugreport/"/>
    <property name="java.io.tmpdir" value="/var/folders/q4/ynbzc65s04q3t5mc_f1x6wh40000gn/T/"/>
    <property name="java.version" value="23.0.1"/>
    <property name="user.dir" value="/Users/jordib/Dropbox/Documents/Personal/Professor/2025/Wild West Outlaws API - Individual Ex 1"/>
    <property name="os.arch" value="aarch64"/>
    <property name="java.vm.specification.name" value="Java Virtual Machine Specification"/>
    <property name="PID" value="13648"/>
    <property name="CONSOLE_LOG_CHARSET" value="UTF-8"/>
    <property name="native.encoding" value="UTF-8"/>
    <property name="java.library.path" value="/Users/jordib/Library/Java/Extensions:/Library/Java/Extensions:/Network/Library/Java/Extensions:/System/Library/Java/Extensions:/usr/lib/java:."/>
    <property name="java.vm.info" value="mixed mode, sharing"/>
    <property name="stderr.encoding" value="UTF-8"/>
    <property name="java.vendor" value="Oracle Corporation"/>
    <property name="java.vm.version" value="23.0.1+11-39"/>
    <property name="cucumber.glue" value="com.tecnocampus.outlaws.steps"/>
    <property name="sun.io.unicode.encoding" value="UnicodeBig"/>
    <property name="socksNonProxyHosts" value="local|*.local|169.254/16|*.169.254/16"/>
    <property name="java.class.version" value="67.0"/>
    <property name="LOGGED_APPLICATION_NAME" value="[Wild West Outlaws] "/>
  </properties>
  <testcase name="Register a new outlaw successfully" classname="Manage Outlaws" time="1.513">
    <system-out><![CDATA[12:18:30.993 [main] INFO org.springframework.test.context.support.AnnotationConfigContextLoaderUtils -- Could not detect default configuration classes for test class [com.tecnocampus.outlaws.steps.CucumberSpringConfiguration]: CucumberSpringConfiguration does not declare any static, non-private, non-final, nested classes annotated with @Configuration.
12:18:31.051 [main] INFO org.springframework.boot.test.context.SpringBootTestContextBootstrapper -- Found @SpringBootConfiguration com.tecnocampus.outlaws.WildWestOutlawsApplication for test class com.tecnocampus.outlaws.steps.CucumberSpringConfiguration

  .   ____          _            __ _ _
 /\\ / ___'_ __ _ _(_)_ __  __ _ \ \ \ \
( ( )\___ | '_ | '_| | '_ \/ _` | \ \ \ \
 \\/  ___)| |_)| | | | | || (_| |  ) ) ) )
  '  |____| .__|_| |_|_| |_\__, | / / / /
 =========|_|==============|___/=/_/_/_/

 :: Spring Boot ::                (v3.4.3)

2025-03-07T12:18:31.207+01:00  INFO 13648 --- [Wild West Outlaws] [           main] c.t.o.steps.CucumberSpringConfiguration  : Starting CucumberSpringConfiguration using Java 23.0.1 with PID 13648 (started by jordib in /Users/jordib/Dropbox/Documents/Personal/Professor/2025/Wild West Outlaws API - Individual Ex 1)
2025-03-07T12:18:31.208+01:00  INFO 13648 --- [Wild West Outlaws] [           main] c.t.o.steps.CucumberSpringConfiguration  : No active profile set, falling back to 1 default profile: "default"
2025-03-07T12:18:31.746+01:00  INFO 13648 --- [Wild West Outlaws] [           main] o.s.v.b.OptionalValidatorFactoryBean     : Failed to set up a Bean Validation provider: jakarta.validation.NoProviderFoundException: Unable to create a Configuration, because no Jakarta Bean Validation provider could be found. Add a provider like Hibernate Validator (RI) to your classpath.
2025-03-07T12:18:31.938+01:00  INFO 13648 --- [Wild West Outlaws] [           main] o.s.b.t.m.w.SpringBootMockServletContext : Initializing Spring TestDispatcherServlet ''
2025-03-07T12:18:31.938+01:00  INFO 13648 --- [Wild West Outlaws] [           main] o.s.t.web.servlet.TestDispatcherServlet  : Initializing Servlet ''
2025-03-07T12:18:31.939+01:00  INFO 13648 --- [Wild West Outlaws] [           main] o.s.t.web.servlet.TestDispatcherServlet  : Completed initialization in 0 ms
2025-03-07T12:18:31.952+01:00  INFO 13648 --- [Wild West Outlaws] [           main] c.t.o.steps.CucumberSpringConfiguration  : Started CucumberSpringConfiguration in 0.852 seconds (process running for 1.475)

Scenario: Register a new outlaw successfully                &amp#27;[90m# com.tecnocampus.outlaws.cucumberspringboot/outlaws.feature:3&amp#27;[0m
  &amp#27;[32mWhen &amp#27;[0m&amp#27;[32mI create an outlaw with:&amp#27;[0m                             &amp#27;[90m# com.tecnocampus.outlaws.steps.OutlawSteps.iCreateAnOutlawWith(io.cucumber.datatable.DataTable)&amp#27;[0m
    | name        | bounty | status |
    | Jesse James | 5000   | FREE   |
  &amp#27;[32mThen &amp#27;[0m&amp#27;[32mthe response status should be &amp#27;[0m&amp#27;[32m&amp#27;[1m"201"&amp#27;[0m                  &amp#27;[90m# com.tecnocampus.outlaws.steps.OutlawSteps.theResponseStatusShouldBe(java.lang.String)&amp#27;[0m
  &amp#27;[32mAnd &amp#27;[0m&amp#27;[32mthe response body should contain:&amp#27;[0m                     &amp#27;[90m# com.tecnocampus.outlaws.steps.OutlawSteps.theResponseBodyShouldContain(io.cucumber.datatable.DataTable)&amp#27;[0m
    | name        | bounty | status |
    | Jesse James | 5000   | FREE   |
  &amp#27;[32mAnd &amp#27;[0m&amp#27;[32mthe response body should have a generated &amp#27;[0m&amp#27;[32m&amp#27;[1m"id"&amp#27;[0m        &amp#27;[90m# com.tecnocampus.outlaws.steps.OutlawSteps.theResponseBodyShouldHaveAGenerated(java.lang.String)&amp#27;[0m
  &amp#27;[32mAnd &amp#27;[0m&amp#27;[32mthe response body should have a generated &amp#27;[0m&amp#27;[32m&amp#27;[1m"createdAt"&amp#27;[0m &amp#27;[90m# com.tecnocampus.outlaws.steps.OutlawSteps.theResponseBodyShouldHaveAGenerated(java.lang.String)&amp#27;[0m
]]></system-out>
    <system-err><![CDATA[Mockito is currently self-attaching to enable the inline-mock-maker. This will no longer work in future releases of the JDK. Please add Mockito as an agent to your build what is described in Mockito's documentation: https://javadoc.io/doc/org.mockito/mockito-core/latest/org/mockito/Mockito.html#0.3
WARNING: A Java agent has been loaded dynamically (/Users/jordib/.m2/repository/net/bytebuddy/byte-buddy-agent/1.15.11/byte-buddy-agent-1.15.11.jar)
WARNING: If a serviceability tool is in use, please run with -XX:+EnableDynamicAgentLoading to hide this warning
WARNING: If a serviceability tool is not in use, please run with -Djdk.instrument.traceUsage for more information
WARNING: Dynamic loading of agents will be disallowed by default in a future release
]]></system-err>
  </testcase>
  <testcase name="Retrieve an outlaw" classname="Manage Outlaws" time="0.028">
    <system-out><![CDATA[2025-03-07T12:18:32.469+01:00  INFO 13648 --- [Wild West Outlaws] [           main] t.c.s.AnnotationConfigContextLoaderUtils : Could not detect default configuration classes for test class [com.tecnocampus.outlaws.steps.CucumberSpringConfiguration]: CucumberSpringConfiguration does not declare any static, non-private, non-final, nested classes annotated with @Configuration.
2025-03-07T12:18:32.471+01:00  INFO 13648 --- [Wild West Outlaws] [           main] .b.t.c.SpringBootTestContextBootstrapper : Found @SpringBootConfiguration com.tecnocampus.outlaws.WildWestOutlawsApplication for test class com.tecnocampus.outlaws.steps.CucumberSpringConfiguration

Scenario: Retrieve an outlaw                          &amp#27;[90m# com.tecnocampus.outlaws.cucumberspringboot/outlaws.feature:14&amp#27;[0m
  &amp#27;[32mGiven &amp#27;[0m&amp#27;[32man outlaw exists with:&amp#27;[0m                        &amp#27;[90m# com.tecnocampus.outlaws.steps.OutlawSteps.anOutlawExistsWith(io.cucumber.datatable.DataTable)&amp#27;[0m
    | name        | bounty | status |
    | Jesse James | 5000   | FREE   |
  &amp#27;[32mAnd &amp#27;[0m&amp#27;[32mthe outlaw ID is generated&amp#27;[0m                      &amp#27;[90m# com.tecnocampus.outlaws.steps.OutlawSteps.the_outlaw_id_is_generated()&amp#27;[0m
  &amp#27;[32mWhen &amp#27;[0m&amp#27;[32mI retrieve the outlaw by ID&amp#27;[0m                    &amp#27;[90m# com.tecnocampus.outlaws.steps.OutlawSteps.iRetrieveTheOutlawById()&amp#27;[0m
  &amp#27;[32mThen &amp#27;[0m&amp#27;[32mthe response status should be &amp#27;[0m&amp#27;[32m&amp#27;[1m"200"&amp#27;[0m            &amp#27;[90m# com.tecnocampus.outlaws.steps.OutlawSteps.theResponseStatusShouldBe(java.lang.String)&amp#27;[0m
  &amp#27;[32mAnd &amp#27;[0m&amp#27;[32mthe response body should contain:&amp#27;[0m               &amp#27;[90m# com.tecnocampus.outlaws.steps.OutlawSteps.theResponseBodyShouldContain(io.cucumber.datatable.DataTable)&amp#27;[0m
    | name        | bounty | status |
    | Jesse James | 5000   | FREE   |
  &amp#27;[32mWhen &amp#27;[0m&amp#27;[32mI delete the outlaw&amp#27;[0m                            &amp#27;[90m# com.tecnocampus.outlaws.steps.OutlawSteps.iDeleteTheOutlaw()&amp#27;[0m
  &amp#27;[32mThen &amp#27;[0m&amp#27;[32mthe response status should be &amp#27;[0m&amp#27;[32m&amp#27;[1m"204"&amp#27;[0m            &amp#27;[90m# com.tecnocampus.outlaws.steps.OutlawSteps.theResponseStatusShouldBe(java.lang.String)&amp#27;[0m
  &amp#27;[32mWhen &amp#27;[0m&amp#27;[32mI list all outlaws&amp#27;[0m                             &amp#27;[90m# com.tecnocampus.outlaws.steps.OutlawSteps.iListAllOutlaws()&amp#27;[0m
  &amp#27;[32mThen &amp#27;[0m&amp#27;[32mthe response status should be &amp#27;[0m&amp#27;[32m&amp#27;[1m"200"&amp#27;[0m            &amp#27;[90m# com.tecnocampus.outlaws.steps.OutlawSteps.theResponseStatusShouldBe(java.lang.String)&amp#27;[0m
  &amp#27;[32mAnd &amp#27;[0m&amp#27;[32mthe response should contain a list with &amp#27;[0m&amp#27;[32m&amp#27;[1m0&amp#27;[0m&amp#27;[32m items&amp#27;[0m &amp#27;[90m# com.tecnocampus.outlaws.steps.OutlawSteps.the_response_should_contain_a_list_with_items(java.lang.Integer)&amp#27;[0m
]]></system-out>
  </testcase>
  <testcase name="Retrieve a non-existing outlaw" classname="Manage Outlaws" time="0.01">
    <system-out><![CDATA[2025-03-07T12:18:32.496+01:00  INFO 13648 --- [Wild West Outlaws] [           main] t.c.s.AnnotationConfigContextLoaderUtils : Could not detect default configuration classes for test class [com.tecnocampus.outlaws.steps.CucumberSpringConfiguration]: CucumberSpringConfiguration does not declare any static, non-private, non-final, nested classes annotated with @Configuration.
2025-03-07T12:18:32.497+01:00  INFO 13648 --- [Wild West Outlaws] [           main] .b.t.c.SpringBootTestContextBootstrapper : Found @SpringBootConfiguration com.tecnocampus.outlaws.WildWestOutlawsApplication for test class com.tecnocampus.outlaws.steps.CucumberSpringConfiguration

Scenario: Retrieve a non-existing outlaw       &amp#27;[90m# com.tecnocampus.outlaws.cucumberspringboot/outlaws.feature:30&amp#27;[0m
  &amp#27;[32mWhen &amp#27;[0m&amp#27;[32mI retrieve an outlaw with an invalid ID&amp#27;[0m &amp#27;[90m# com.tecnocampus.outlaws.steps.OutlawSteps.iRetrieveAnOutlawWithInvalidID()&amp#27;[0m
  &amp#27;[32mThen &amp#27;[0m&amp#27;[32mthe response status should be &amp#27;[0m&amp#27;[32m&amp#27;[1m"404"&amp#27;[0m     &amp#27;[90m# com.tecnocampus.outlaws.steps.OutlawSteps.theResponseStatusShouldBe(java.lang.String)&amp#27;[0m
]]></system-out>
  </testcase>
  <testcase name="List all outlaws" classname="Manage Outlaws" time="0.013">
    <system-out><![CDATA[2025-03-07T12:18:32.506+01:00  INFO 13648 --- [Wild West Outlaws] [           main] t.c.s.AnnotationConfigContextLoaderUtils : Could not detect default configuration classes for test class [com.tecnocampus.outlaws.steps.CucumberSpringConfiguration]: CucumberSpringConfiguration does not declare any static, non-private, non-final, nested classes annotated with @Configuration.
2025-03-07T12:18:32.508+01:00  INFO 13648 --- [Wild West Outlaws] [           main] .b.t.c.SpringBootTestContextBootstrapper : Found @SpringBootConfiguration com.tecnocampus.outlaws.WildWestOutlawsApplication for test class com.tecnocampus.outlaws.steps.CucumberSpringConfiguration

Scenario: List all outlaws                            &amp#27;[90m# com.tecnocampus.outlaws.cucumberspringboot/outlaws.feature:34&amp#27;[0m
  &amp#27;[32mGiven &amp#27;[0m&amp#27;[32moutlaws exist:&amp#27;[0m                                &amp#27;[90m# com.tecnocampus.outlaws.steps.OutlawSteps.outlaws_exist(io.cucumber.datatable.DataTable)&amp#27;[0m
    | name          | bounty | status   |
    | Jesse James   | 5000   | FREE     |
    | Billy the Kid | 7000   | CAPTURED |
  &amp#27;[32mWhen &amp#27;[0m&amp#27;[32mI list all outlaws&amp#27;[0m                             &amp#27;[90m# com.tecnocampus.outlaws.steps.OutlawSteps.iListAllOutlaws()&amp#27;[0m
  &amp#27;[32mThen &amp#27;[0m&amp#27;[32mthe response status should be &amp#27;[0m&amp#27;[32m&amp#27;[1m"200"&amp#27;[0m            &amp#27;[90m# com.tecnocampus.outlaws.steps.OutlawSteps.theResponseStatusShouldBe(java.lang.String)&amp#27;[0m
  &amp#27;[32mAnd &amp#27;[0m&amp#27;[32mthe response should contain a list with &amp#27;[0m&amp#27;[32m&amp#27;[1m2&amp#27;[0m&amp#27;[32m items&amp#27;[0m &amp#27;[90m# com.tecnocampus.outlaws.steps.OutlawSteps.the_response_should_contain_a_list_with_items(java.lang.Integer)&amp#27;[0m
]]></system-out>
  </testcase>
  <testcase name="Update an outlaw" classname="Manage Outlaws" time="0.013">
    <system-out><![CDATA[2025-03-07T12:18:32.519+01:00  INFO 13648 --- [Wild West Outlaws] [           main] t.c.s.AnnotationConfigContextLoaderUtils : Could not detect default configuration classes for test class [com.tecnocampus.outlaws.steps.CucumberSpringConfiguration]: CucumberSpringConfiguration does not declare any static, non-private, non-final, nested classes annotated with @Configuration.
2025-03-07T12:18:32.520+01:00  INFO 13648 --- [Wild West Outlaws] [           main] .b.t.c.SpringBootTestContextBootstrapper : Found @SpringBootConfiguration com.tecnocampus.outlaws.WildWestOutlawsApplication for test class com.tecnocampus.outlaws.steps.CucumberSpringConfiguration

Scenario: Update an outlaw                 &amp#27;[90m# com.tecnocampus.outlaws.cucumberspringboot/outlaws.feature:43&amp#27;[0m
  &amp#27;[32mGiven &amp#27;[0m&amp#27;[32man outlaw exists with:&amp#27;[0m             &amp#27;[90m# com.tecnocampus.outlaws.steps.OutlawSteps.anOutlawExistsWith(io.cucumber.datatable.DataTable)&amp#27;[0m
    | name        | bounty | status |
    | Jesse James | 5000   | FREE   |
  &amp#27;[32mWhen &amp#27;[0m&amp#27;[32mI update the outlaw with:&amp#27;[0m           &amp#27;[90m# com.tecnocampus.outlaws.steps.OutlawSteps.iUpdateTheOutlawWith(io.cucumber.datatable.DataTable)&amp#27;[0m
    | name        | bounty | status |
    | Jesse James | 10000  | FREE   |
  &amp#27;[32mThen &amp#27;[0m&amp#27;[32mthe response status should be &amp#27;[0m&amp#27;[32m&amp#27;[1m"200"&amp#27;[0m &amp#27;[90m# com.tecnocampus.outlaws.steps.OutlawSteps.theResponseStatusShouldBe(java.lang.String)&amp#27;[0m
  &amp#27;[32mAnd &amp#27;[0m&amp#27;[32mthe response body should contain:&amp#27;[0m    &amp#27;[90m# com.tecnocampus.outlaws.steps.OutlawSteps.theResponseBodyShouldContain(io.cucumber.datatable.DataTable)&amp#27;[0m
    | name        | bounty | status |
    | Jesse James | 10000  | FREE   |
]]></system-out>
  </testcase>
  <testcase name="Fail to update an outlaw with invalid data" classname="Manage Outlaws" time="0.009">
    <system-out><![CDATA[2025-03-07T12:18:32.532+01:00  INFO 13648 --- [Wild West Outlaws] [           main] t.c.s.AnnotationConfigContextLoaderUtils : Could not detect default configuration classes for test class [com.tecnocampus.outlaws.steps.CucumberSpringConfiguration]: CucumberSpringConfiguration does not declare any static, non-private, non-final, nested classes annotated with @Configuration.
2025-03-07T12:18:32.533+01:00  INFO 13648 --- [Wild West Outlaws] [           main] .b.t.c.SpringBootTestContextBootstrapper : Found @SpringBootConfiguration com.tecnocampus.outlaws.WildWestOutlawsApplication for test class com.tecnocampus.outlaws.steps.CucumberSpringConfiguration

Scenario: Fail to update an outlaw with invalid data &amp#27;[90m# com.tecnocampus.outlaws.cucumberspringboot/outlaws.feature:55&amp#27;[0m
  &amp#27;[32mGiven &amp#27;[0m&amp#27;[32man outlaw exists with:&amp#27;[0m                       &amp#27;[90m# com.tecnocampus.outlaws.steps.OutlawSteps.anOutlawExistsWith(io.cucumber.datatable.DataTable)&amp#27;[0m
    | name        | bounty | status |
    | Jesse James | 5000   | FREE   |
  &amp#27;[32mWhen &amp#27;[0m&amp#27;[32mI update the outlaw with:&amp#27;[0m                     &amp#27;[90m# com.tecnocampus.outlaws.steps.OutlawSteps.iUpdateTheOutlawWith(io.cucumber.datatable.DataTable)&amp#27;[0m
    | name    | bounty | status |
    | [empty] | -1000  | FREE   |
  &amp#27;[32mThen &amp#27;[0m&amp#27;[32mthe response status should be &amp#27;[0m&amp#27;[32m&amp#27;[1m"422"&amp#27;[0m           &amp#27;[90m# com.tecnocampus.outlaws.steps.OutlawSteps.theResponseStatusShouldBe(java.lang.String)&amp#27;[0m
]]></system-out>
  </testcase>
  <testcase name="Set bounty for an outlaw" classname="Manage Outlaws" time="0.009">
    <system-out><![CDATA[2025-03-07T12:18:32.541+01:00  INFO 13648 --- [Wild West Outlaws] [           main] t.c.s.AnnotationConfigContextLoaderUtils : Could not detect default configuration classes for test class [com.tecnocampus.outlaws.steps.CucumberSpringConfiguration]: CucumberSpringConfiguration does not declare any static, non-private, non-final, nested classes annotated with @Configuration.
2025-03-07T12:18:32.542+01:00  INFO 13648 --- [Wild West Outlaws] [           main] .b.t.c.SpringBootTestContextBootstrapper : Found @SpringBootConfiguration com.tecnocampus.outlaws.WildWestOutlawsApplication for test class com.tecnocampus.outlaws.steps.CucumberSpringConfiguration

Scenario: Set bounty for an outlaw         &amp#27;[90m# com.tecnocampus.outlaws.cucumberspringboot/outlaws.feature:65&amp#27;[0m
  &amp#27;[32mGiven &amp#27;[0m&amp#27;[32man outlaw exists with:&amp#27;[0m             &amp#27;[90m# com.tecnocampus.outlaws.steps.OutlawSteps.anOutlawExistsWith(io.cucumber.datatable.DataTable)&amp#27;[0m
    | name        | bounty | status |
    | Jesse James | 5000   | FREE   |
  &amp#27;[32mAnd &amp#27;[0m&amp#27;[32mthe outlaw ID is generated&amp#27;[0m           &amp#27;[90m# com.tecnocampus.outlaws.steps.OutlawSteps.the_outlaw_id_is_generated()&amp#27;[0m
  &amp#27;[32mWhen &amp#27;[0m&amp#27;[32mI update the outlaw bounty with:&amp#27;[0m    &amp#27;[90m# com.tecnocampus.outlaws.steps.OutlawSteps.iUpdateTheOutlawBountyWith(io.cucumber.datatable.DataTable)&amp#27;[0m
    | bounty |
    | 7000   |
  &amp#27;[32mThen &amp#27;[0m&amp#27;[32mthe response status should be &amp#27;[0m&amp#27;[32m&amp#27;[1m"200"&amp#27;[0m &amp#27;[90m# com.tecnocampus.outlaws.steps.OutlawSteps.theResponseStatusShouldBe(java.lang.String)&amp#27;[0m
  &amp#27;[32mAnd &amp#27;[0m&amp#27;[32mthe response body should contain:&amp#27;[0m    &amp#27;[90m# com.tecnocampus.outlaws.steps.OutlawSteps.theResponseBodyShouldContain(io.cucumber.datatable.DataTable)&amp#27;[0m
    | name        | bounty | status |
    | Jesse James | 7000   | FREE   |
]]></system-out>
  </testcase>
  <testcase name="Fail to set a negative bounty" classname="Manage Outlaws" time="0.01">
    <system-out><![CDATA[2025-03-07T12:18:32.550+01:00  INFO 13648 --- [Wild West Outlaws] [           main] t.c.s.AnnotationConfigContextLoaderUtils : Could not detect default configuration classes for test class [com.tecnocampus.outlaws.steps.CucumberSpringConfiguration]: CucumberSpringConfiguration does not declare any static, non-private, non-final, nested classes annotated with @Configuration.
2025-03-07T12:18:32.551+01:00  INFO 13648 --- [Wild West Outlaws] [           main] .b.t.c.SpringBootTestContextBootstrapper : Found @SpringBootConfiguration com.tecnocampus.outlaws.WildWestOutlawsApplication for test class com.tecnocampus.outlaws.steps.CucumberSpringConfiguration

Scenario: Fail to set a negative bounty    &amp#27;[90m# com.tecnocampus.outlaws.cucumberspringboot/outlaws.feature:78&amp#27;[0m
  &amp#27;[32mGiven &amp#27;[0m&amp#27;[32man outlaw exists with:&amp#27;[0m             &amp#27;[90m# com.tecnocampus.outlaws.steps.OutlawSteps.anOutlawExistsWith(io.cucumber.datatable.DataTable)&amp#27;[0m
    | name        | bounty | status |
    | Jesse James | 5000   | FREE   |
  &amp#27;[32mAnd &amp#27;[0m&amp#27;[32mthe outlaw ID is generated&amp#27;[0m           &amp#27;[90m# com.tecnocampus.outlaws.steps.OutlawSteps.the_outlaw_id_is_generated()&amp#27;[0m
  &amp#27;[32mWhen &amp#27;[0m&amp#27;[32mI update the outlaw bounty with:&amp#27;[0m    &amp#27;[90m# com.tecnocampus.outlaws.steps.OutlawSteps.iUpdateTheOutlawBountyWith(io.cucumber.datatable.DataTable)&amp#27;[0m
    | bounty |
    | -5000  |
  &amp#27;[32mThen &amp#27;[0m&amp#27;[32mthe response status should be &amp#27;[0m&amp#27;[32m&amp#27;[1m"422"&amp#27;[0m &amp#27;[90m# com.tecnocampus.outlaws.steps.OutlawSteps.theResponseStatusShouldBe(java.lang.String)&amp#27;[0m
]]></system-out>
  </testcase>
  <testcase name="Find the most wanted outlaw" classname="Manage Outlaws" time="0.009">
    <system-out><![CDATA[2025-03-07T12:18:32.559+01:00  INFO 13648 --- [Wild West Outlaws] [           main] t.c.s.AnnotationConfigContextLoaderUtils : Could not detect default configuration classes for test class [com.tecnocampus.outlaws.steps.CucumberSpringConfiguration]: CucumberSpringConfiguration does not declare any static, non-private, non-final, nested classes annotated with @Configuration.
2025-03-07T12:18:32.560+01:00  INFO 13648 --- [Wild West Outlaws] [           main] .b.t.c.SpringBootTestContextBootstrapper : Found @SpringBootConfiguration com.tecnocampus.outlaws.WildWestOutlawsApplication for test class com.tecnocampus.outlaws.steps.CucumberSpringConfiguration

Scenario: Find the most wanted outlaw      &amp#27;[90m# com.tecnocampus.outlaws.cucumberspringboot/outlaws.feature:88&amp#27;[0m
  &amp#27;[32mGiven &amp#27;[0m&amp#27;[32moutlaws exist:&amp#27;[0m                     &amp#27;[90m# com.tecnocampus.outlaws.steps.OutlawSteps.outlaws_exist(io.cucumber.datatable.DataTable)&amp#27;[0m
    | name          | bounty | status |
    | Billy the Kid | 10000  | FREE   |
    | Jesse James   | 10000  | FREE   |
    | Wild Bill     | 5000   | FREE   |
  &amp#27;[32mWhen &amp#27;[0m&amp#27;[32mI request the most wanted outlaw&amp#27;[0m    &amp#27;[90m# com.tecnocampus.outlaws.steps.OutlawSteps.iRequestTheMostWantedOutlaw()&amp#27;[0m
  &amp#27;[32mThen &amp#27;[0m&amp#27;[32mthe response status should be &amp#27;[0m&amp#27;[32m&amp#27;[1m"200"&amp#27;[0m &amp#27;[90m# com.tecnocampus.outlaws.steps.OutlawSteps.theResponseStatusShouldBe(java.lang.String)&amp#27;[0m
  &amp#27;[32mAnd &amp#27;[0m&amp#27;[32mthe response body should contain:&amp#27;[0m    &amp#27;[90m# com.tecnocampus.outlaws.steps.OutlawSteps.theResponseBodyShouldContain(io.cucumber.datatable.DataTable)&amp#27;[0m
    | name          | bounty | status |
    | Billy the Kid | 10000  | FREE   |
]]></system-out>
  </testcase>
  <testcase name="No most wanted outlaw if all are captured or eliminated" classname="Manage Outlaws" time="0.01">
    <system-out><![CDATA[2025-03-07T12:18:32.569+01:00  INFO 13648 --- [Wild West Outlaws] [           main] t.c.s.AnnotationConfigContextLoaderUtils : Could not detect default configuration classes for test class [com.tecnocampus.outlaws.steps.CucumberSpringConfiguration]: CucumberSpringConfiguration does not declare any static, non-private, non-final, nested classes annotated with @Configuration.
2025-03-07T12:18:32.570+01:00  INFO 13648 --- [Wild West Outlaws] [           main] .b.t.c.SpringBootTestContextBootstrapper : Found @SpringBootConfiguration com.tecnocampus.outlaws.WildWestOutlawsApplication for test class com.tecnocampus.outlaws.steps.CucumberSpringConfiguration

Scenario: No most wanted outlaw if all are captured or eliminated &amp#27;[90m# com.tecnocampus.outlaws.cucumberspringboot/outlaws.feature:102&amp#27;[0m
  &amp#27;[32mGiven &amp#27;[0m&amp#27;[32moutlaws exist:&amp#27;[0m                                            &amp#27;[90m# com.tecnocampus.outlaws.steps.OutlawSteps.outlaws_exist(io.cucumber.datatable.DataTable)&amp#27;[0m
    | name          | bounty | status     |
    | Jesse James   | 10000  | CAPTURED   |
    | Billy the Kid | 10000  | ELIMINATED |
  &amp#27;[32mWhen &amp#27;[0m&amp#27;[32mI request the most wanted outlaw&amp#27;[0m                           &amp#27;[90m# com.tecnocampus.outlaws.steps.OutlawSteps.iRequestTheMostWantedOutlaw()&amp#27;[0m
  &amp#27;[32mThen &amp#27;[0m&amp#27;[32mthe response status should be &amp#27;[0m&amp#27;[32m&amp#27;[1m"404"&amp#27;[0m                        &amp#27;[90m# com.tecnocampus.outlaws.steps.OutlawSteps.theResponseStatusShouldBe(java.lang.String)&amp#27;[0m
]]></system-out>
  </testcase>
  <testcase name="Find the most wanted outlaw when multiple have the same bounty" classname="Manage Outlaws" time="0.013">
    <system-out><![CDATA[2025-03-07T12:18:32.579+01:00  INFO 13648 --- [Wild West Outlaws] [           main] t.c.s.AnnotationConfigContextLoaderUtils : Could not detect default configuration classes for test class [com.tecnocampus.outlaws.steps.CucumberSpringConfiguration]: CucumberSpringConfiguration does not declare any static, non-private, non-final, nested classes annotated with @Configuration.
2025-03-07T12:18:32.584+01:00  INFO 13648 --- [Wild West Outlaws] [           main] .b.t.c.SpringBootTestContextBootstrapper : Found @SpringBootConfiguration com.tecnocampus.outlaws.WildWestOutlawsApplication for test class com.tecnocampus.outlaws.steps.CucumberSpringConfiguration

Scenario: Find the most wanted outlaw when multiple have the same bounty &amp#27;[90m# com.tecnocampus.outlaws.cucumberspringboot/outlaws.feature:110&amp#27;[0m
  &amp#27;[32mGiven &amp#27;[0m&amp#27;[32moutlaws exist:&amp#27;[0m                                                   &amp#27;[90m# com.tecnocampus.outlaws.steps.OutlawSteps.outlaws_exist(io.cucumber.datatable.DataTable)&amp#27;[0m
    | name        | bounty | status |
    | Jesse James | 10000  | FREE   |
  &amp#27;[32mAnd &amp#27;[0m&amp#27;[32moutlaws exist:&amp#27;[0m                                                     &amp#27;[90m# com.tecnocampus.outlaws.steps.OutlawSteps.outlaws_exist(io.cucumber.datatable.DataTable)&amp#27;[0m
    | name          | bounty | status |
    | Billy the Kid | 10000  | FREE   |
  &amp#27;[32mWhen &amp#27;[0m&amp#27;[32mI find the most wanted outlaw&amp#27;[0m                                     &amp#27;[90m# com.tecnocampus.outlaws.steps.OutlawSteps.i_find_the_most_wanted_outlaw()&amp#27;[0m
  &amp#27;[32mThen &amp#27;[0m&amp#27;[32mthe response status should be &amp#27;[0m&amp#27;[32m&amp#27;[1m"200"&amp#27;[0m                               &amp#27;[90m# com.tecnocampus.outlaws.steps.OutlawSteps.theResponseStatusShouldBe(java.lang.String)&amp#27;[0m
  &amp#27;[32mAnd &amp#27;[0m&amp#27;[32mthe response body should contain:&amp#27;[0m                                  &amp#27;[90m# com.tecnocampus.outlaws.steps.OutlawSteps.theResponseBodyShouldContain(io.cucumber.datatable.DataTable)&amp#27;[0m
    | name        | bounty |
    | Jesse James | 10000  |
]]></system-out>
  </testcase>
  <testcase name="Register a sheriff successfully" classname="Manage Sheriffs" time="0.01">
    <system-out><![CDATA[2025-03-07T12:18:32.591+01:00  INFO 13648 --- [Wild West Outlaws] [           main] t.c.s.AnnotationConfigContextLoaderUtils : Could not detect default configuration classes for test class [com.tecnocampus.outlaws.steps.CucumberSpringConfiguration]: CucumberSpringConfiguration does not declare any static, non-private, non-final, nested classes annotated with @Configuration.
2025-03-07T12:18:32.593+01:00  INFO 13648 --- [Wild West Outlaws] [           main] .b.t.c.SpringBootTestContextBootstrapper : Found @SpringBootConfiguration com.tecnocampus.outlaws.WildWestOutlawsApplication for test class com.tecnocampus.outlaws.steps.CucumberSpringConfiguration

Scenario: Register a sheriff successfully       &amp#27;[90m# com.tecnocampus.outlaws.cucumberspringboot/sheriff.feature:3&amp#27;[0m
  &amp#27;[32mWhen &amp#27;[0m&amp#27;[32mI create a sheriff with:&amp#27;[0m                 &amp#27;[90m# com.tecnocampus.outlaws.steps.SheriffSteps.iCreateASheriffWith(io.cucumber.datatable.DataTable)&amp#27;[0m
    | name       | salary | captures | eliminations |
    | Wyatt Earp | 1000   | 0        | 0            |
  &amp#27;[32mThen &amp#27;[0m&amp#27;[32mthe response status is &amp#27;[0m&amp#27;[32m&amp#27;[1m"201"&amp#27;[0m             &amp#27;[90m# com.tecnocampus.outlaws.steps.SheriffSteps.theResponseStatusIs(java.lang.String)&amp#27;[0m
  &amp#27;[32mAnd &amp#27;[0m&amp#27;[32mthe response body contains:&amp#27;[0m               &amp#27;[90m# com.tecnocampus.outlaws.steps.SheriffSteps.theResponseBodyContains(io.cucumber.datatable.DataTable)&amp#27;[0m
    | name       | salary | captures | eliminations |
    | Wyatt Earp | 1000   | 0        | 0            |
  &amp#27;[32mAnd &amp#27;[0m&amp#27;[32mthe response body should have &amp#27;[0m&amp#27;[32m&amp#27;[1m"id"&amp#27;[0m        &amp#27;[90m# com.tecnocampus.outlaws.steps.SheriffSteps.theResponseBodyShouldHave(java.lang.String)&amp#27;[0m
  &amp#27;[32mAnd &amp#27;[0m&amp#27;[32mthe response body should have &amp#27;[0m&amp#27;[32m&amp#27;[1m"createdAt"&amp#27;[0m &amp#27;[90m# com.tecnocampus.outlaws.steps.SheriffSteps.theResponseBodyShouldHave(java.lang.String)&amp#27;[0m
]]></system-out>
  </testcase>
  <testcase name="Retrieve a sheriff" classname="Manage Sheriffs" time="0.008">
    <system-out><![CDATA[2025-03-07T12:18:32.602+01:00  INFO 13648 --- [Wild West Outlaws] [           main] t.c.s.AnnotationConfigContextLoaderUtils : Could not detect default configuration classes for test class [com.tecnocampus.outlaws.steps.CucumberSpringConfiguration]: CucumberSpringConfiguration does not declare any static, non-private, non-final, nested classes annotated with @Configuration.
2025-03-07T12:18:32.603+01:00  INFO 13648 --- [Wild West Outlaws] [           main] .b.t.c.SpringBootTestContextBootstrapper : Found @SpringBootConfiguration com.tecnocampus.outlaws.WildWestOutlawsApplication for test class com.tecnocampus.outlaws.steps.CucumberSpringConfiguration

Scenario: Retrieve a sheriff        &amp#27;[90m# com.tecnocampus.outlaws.cucumberspringboot/sheriff.feature:14&amp#27;[0m
  &amp#27;[32mGiven &amp#27;[0m&amp#27;[32ma sheriff exists with:&amp#27;[0m      &amp#27;[90m# com.tecnocampus.outlaws.steps.SheriffSteps.aSheriffExistsWith(io.cucumber.datatable.DataTable)&amp#27;[0m
    | name       | salary | captures | eliminations |
    | Wyatt Earp | 1000   | 0        | 0            |
  &amp#27;[32mWhen &amp#27;[0m&amp#27;[32mI retrieve the sheriff by ID&amp#27;[0m &amp#27;[90m# com.tecnocampus.outlaws.steps.SheriffSteps.iRetrieveTheSheriffById()&amp#27;[0m
  &amp#27;[32mThen &amp#27;[0m&amp#27;[32mthe response status is &amp#27;[0m&amp#27;[32m&amp#27;[1m"200"&amp#27;[0m &amp#27;[90m# com.tecnocampus.outlaws.steps.SheriffSteps.theResponseStatusIs(java.lang.String)&amp#27;[0m
  &amp#27;[32mAnd &amp#27;[0m&amp#27;[32mthe response body contains:&amp#27;[0m   &amp#27;[90m# com.tecnocampus.outlaws.steps.SheriffSteps.theResponseBodyContains(io.cucumber.datatable.DataTable)&amp#27;[0m
    | name       | salary | captures | eliminations |
    | Wyatt Earp | 1000   | 0        | 0            |
]]></system-out>
  </testcase>
  <testcase name="Sheriff should not be retrievable after deletion" classname="Manage Sheriffs" time="0.008">
    <system-out><![CDATA[2025-03-07T12:18:32.610+01:00  INFO 13648 --- [Wild West Outlaws] [           main] t.c.s.AnnotationConfigContextLoaderUtils : Could not detect default configuration classes for test class [com.tecnocampus.outlaws.steps.CucumberSpringConfiguration]: CucumberSpringConfiguration does not declare any static, non-private, non-final, nested classes annotated with @Configuration.
2025-03-07T12:18:32.611+01:00  INFO 13648 --- [Wild West Outlaws] [           main] .b.t.c.SpringBootTestContextBootstrapper : Found @SpringBootConfiguration com.tecnocampus.outlaws.WildWestOutlawsApplication for test class com.tecnocampus.outlaws.steps.CucumberSpringConfiguration

Scenario: Sheriff should not be retrievable after deletion &amp#27;[90m# com.tecnocampus.outlaws.cucumberspringboot/sheriff.feature:24&amp#27;[0m
  &amp#27;[32mGiven &amp#27;[0m&amp#27;[32ma sheriff exists with:&amp#27;[0m                             &amp#27;[90m# com.tecnocampus.outlaws.steps.SheriffSteps.aSheriffExistsWith(io.cucumber.datatable.DataTable)&amp#27;[0m
    | name       | salary | captures | eliminations |
    | Wyatt Earp | 1000   | 0        | 0            |
  &amp#27;[32mWhen &amp#27;[0m&amp#27;[32mI delete the sheriff&amp#27;[0m                                &amp#27;[90m# com.tecnocampus.outlaws.steps.SheriffSteps.iDeleteTheSheriff()&amp#27;[0m
  &amp#27;[32mThen &amp#27;[0m&amp#27;[32mthe response status is &amp#27;[0m&amp#27;[32m&amp#27;[1m"204"&amp#27;[0m                        &amp#27;[90m# com.tecnocampus.outlaws.steps.SheriffSteps.theResponseStatusIs(java.lang.String)&amp#27;[0m
  &amp#27;[32mWhen &amp#27;[0m&amp#27;[32mI retrieve the sheriff by ID&amp#27;[0m                        &amp#27;[90m# com.tecnocampus.outlaws.steps.SheriffSteps.iRetrieveTheSheriffById()&amp#27;[0m
  &amp#27;[32mThen &amp#27;[0m&amp#27;[32mthe response status is &amp#27;[0m&amp#27;[32m&amp#27;[1m"404"&amp#27;[0m                        &amp#27;[90m# com.tecnocampus.outlaws.steps.SheriffSteps.theResponseStatusIs(java.lang.String)&amp#27;[0m
]]></system-out>
  </testcase>
  <testcase name="Fail to update a sheriff with invalid salary" classname="Manage Sheriffs" time="0.008">
    <system-out><![CDATA[2025-03-07T12:18:32.618+01:00  INFO 13648 --- [Wild West Outlaws] [           main] t.c.s.AnnotationConfigContextLoaderUtils : Could not detect default configuration classes for test class [com.tecnocampus.outlaws.steps.CucumberSpringConfiguration]: CucumberSpringConfiguration does not declare any static, non-private, non-final, nested classes annotated with @Configuration.
2025-03-07T12:18:32.619+01:00  INFO 13648 --- [Wild West Outlaws] [           main] .b.t.c.SpringBootTestContextBootstrapper : Found @SpringBootConfiguration com.tecnocampus.outlaws.WildWestOutlawsApplication for test class com.tecnocampus.outlaws.steps.CucumberSpringConfiguration

Scenario: Fail to update a sheriff with invalid salary &amp#27;[90m# com.tecnocampus.outlaws.cucumberspringboot/sheriff.feature:34&amp#27;[0m
  &amp#27;[32mGiven &amp#27;[0m&amp#27;[32ma sheriff exists with:&amp#27;[0m                         &amp#27;[90m# com.tecnocampus.outlaws.steps.SheriffSteps.aSheriffExistsWith(io.cucumber.datatable.DataTable)&amp#27;[0m
    | name       | salary | captures | eliminations |
    | Wyatt Earp | 1000   | 0        | 0            |
  &amp#27;[32mWhen &amp#27;[0m&amp#27;[32mI update the sheriff with:&amp#27;[0m                      &amp#27;[90m# com.tecnocampus.outlaws.steps.SheriffSteps.iUpdateTheSheriffWith(io.cucumber.datatable.DataTable)&amp#27;[0m
    | name       | salary |
    | Wyatt Earp | -500   |
  &amp#27;[32mThen &amp#27;[0m&amp#27;[32mthe response status is &amp#27;[0m&amp#27;[32m&amp#27;[1m"422"&amp#27;[0m                    &amp#27;[90m# com.tecnocampus.outlaws.steps.SheriffSteps.theResponseStatusIs(java.lang.String)&amp#27;[0m
]]></system-out>
  </testcase>
  <testcase name="Fail to update a non-existing sheriff" classname="Manage Sheriffs" time="0.007">
    <system-out><![CDATA[2025-03-07T12:18:32.626+01:00  INFO 13648 --- [Wild West Outlaws] [           main] t.c.s.AnnotationConfigContextLoaderUtils : Could not detect default configuration classes for test class [com.tecnocampus.outlaws.steps.CucumberSpringConfiguration]: CucumberSpringConfiguration does not declare any static, non-private, non-final, nested classes annotated with @Configuration.
2025-03-07T12:18:32.628+01:00  INFO 13648 --- [Wild West Outlaws] [           main] .b.t.c.SpringBootTestContextBootstrapper : Found @SpringBootConfiguration com.tecnocampus.outlaws.WildWestOutlawsApplication for test class com.tecnocampus.outlaws.steps.CucumberSpringConfiguration

Scenario: Fail to update a non-existing sheriff     &amp#27;[90m# com.tecnocampus.outlaws.cucumberspringboot/sheriff.feature:44&amp#27;[0m
  &amp#27;[32mWhen &amp#27;[0m&amp#27;[32mI update a sheriff that does not exist with:&amp#27;[0m &amp#27;[90m# com.tecnocampus.outlaws.steps.SheriffSteps.i_update_a_sheriff_that_does_not_exist_with(io.cucumber.datatable.DataTable)&amp#27;[0m
    | name       | salary |
    | Ghost Name | 2000   |
  &amp#27;[32mThen &amp#27;[0m&amp#27;[32mthe response status is &amp#27;[0m&amp#27;[32m&amp#27;[1m"404"&amp#27;[0m                 &amp#27;[90m# com.tecnocampus.outlaws.steps.SheriffSteps.theResponseStatusIs(java.lang.String)&amp#27;[0m
]]></system-out>
  </testcase>
  <testcase name="Sheriff should not appear in the list after deletion" classname="Manage Sheriffs" time="0.008">
    <system-out><![CDATA[2025-03-07T12:18:32.633+01:00  INFO 13648 --- [Wild West Outlaws] [           main] t.c.s.AnnotationConfigContextLoaderUtils : Could not detect default configuration classes for test class [com.tecnocampus.outlaws.steps.CucumberSpringConfiguration]: CucumberSpringConfiguration does not declare any static, non-private, non-final, nested classes annotated with @Configuration.
2025-03-07T12:18:32.634+01:00  INFO 13648 --- [Wild West Outlaws] [           main] .b.t.c.SpringBootTestContextBootstrapper : Found @SpringBootConfiguration com.tecnocampus.outlaws.WildWestOutlawsApplication for test class com.tecnocampus.outlaws.steps.CucumberSpringConfiguration

Scenario: Sheriff should not appear in the list after deletion &amp#27;[90m# com.tecnocampus.outlaws.cucumberspringboot/sheriff.feature:50&amp#27;[0m
  &amp#27;[32mGiven &amp#27;[0m&amp#27;[32ma sheriff exists with:&amp#27;[0m                                 &amp#27;[90m# com.tecnocampus.outlaws.steps.SheriffSteps.aSheriffExistsWith(io.cucumber.datatable.DataTable)&amp#27;[0m
    | name        | salary | captures | eliminations |
    | Pat Garrett | 1200   | 5        | 2            |
    | Wyatt Earp  | 1000   | 0        | 0            |
  &amp#27;[32mWhen &amp#27;[0m&amp#27;[32mI delete the sheriff with ID for Wyatt Earp&amp#27;[0m             &amp#27;[90m# com.tecnocampus.outlaws.steps.SheriffSteps.i_delete_the_sheriff_with_id_for_wyatt_earp()&amp#27;[0m
  &amp#27;[32mThen &amp#27;[0m&amp#27;[32mthe response status is &amp#27;[0m&amp#27;[32m&amp#27;[1m"204"&amp#27;[0m                            &amp#27;[90m# com.tecnocampus.outlaws.steps.SheriffSteps.theResponseStatusIs(java.lang.String)&amp#27;[0m
  &amp#27;[32mWhen &amp#27;[0m&amp#27;[32mI list all sheriffs&amp#27;[0m                                     &amp#27;[90m# com.tecnocampus.outlaws.steps.SheriffSteps.iListAllSheriffs()&amp#27;[0m
  &amp#27;[32mThen &amp#27;[0m&amp#27;[32mthe response status is &amp#27;[0m&amp#27;[32m&amp#27;[1m"200"&amp#27;[0m                            &amp#27;[90m# com.tecnocampus.outlaws.steps.SheriffSteps.theResponseStatusIs(java.lang.String)&amp#27;[0m
  &amp#27;[32mAnd &amp#27;[0m&amp#27;[32mthe response should contain a list with &amp#27;[0m&amp#27;[32m&amp#27;[1m1&amp#27;[0m&amp#27;[32m item&amp#27;[0m           &amp#27;[90m# com.tecnocampus.outlaws.steps.SheriffSteps.the_response_should_contain_a_list_with_item(java.lang.Integer)&amp#27;[0m
]]></system-out>
  </testcase>
  <testcase name="Capture an outlaw successfully" classname="Manage Sheriffs" time="0.01">
    <system-out><![CDATA[2025-03-07T12:18:32.641+01:00  INFO 13648 --- [Wild West Outlaws] [           main] t.c.s.AnnotationConfigContextLoaderUtils : Could not detect default configuration classes for test class [com.tecnocampus.outlaws.steps.CucumberSpringConfiguration]: CucumberSpringConfiguration does not declare any static, non-private, non-final, nested classes annotated with @Configuration.
2025-03-07T12:18:32.642+01:00  INFO 13648 --- [Wild West Outlaws] [           main] .b.t.c.SpringBootTestContextBootstrapper : Found @SpringBootConfiguration com.tecnocampus.outlaws.WildWestOutlawsApplication for test class com.tecnocampus.outlaws.steps.CucumberSpringConfiguration

Scenario: Capture an outlaw successfully                          &amp#27;[90m# com.tecnocampus.outlaws.cucumberspringboot/sheriff.feature:62&amp#27;[0m
  &amp#27;[32mGiven &amp#27;[0m&amp#27;[32man outlaw created with:&amp#27;[0m                                   &amp#27;[90m# com.tecnocampus.outlaws.steps.SheriffSteps.anOutlawCreatedWith(io.cucumber.datatable.DataTable)&amp#27;[0m
    | name        | bounty | status |
    | Jesse James | 5000   | FREE   |
  &amp#27;[32mAnd &amp#27;[0m&amp#27;[32ma sheriff exists with:&amp#27;[0m                                      &amp#27;[90m# com.tecnocampus.outlaws.steps.SheriffSteps.aSheriffExistsWith(io.cucumber.datatable.DataTable)&amp#27;[0m
    | name       | salary | captures | eliminations |
    | Wyatt Earp | 1000   | 0        | 0            |
  &amp#27;[32mWhen &amp#27;[0m&amp#27;[32mthe sheriff captures the outlaw&amp#27;[0m                            &amp#27;[90m# com.tecnocampus.outlaws.steps.SheriffSteps.theSheriffCapturesTheOutlaw()&amp#27;[0m
  &amp#27;[32mThen &amp#27;[0m&amp#27;[32mthe response status is &amp#27;[0m&amp#27;[32m&amp#27;[1m"200"&amp#27;[0m                               &amp#27;[90m# com.tecnocampus.outlaws.steps.SheriffSteps.theResponseStatusIs(java.lang.String)&amp#27;[0m
  &amp#27;[32mAnd &amp#27;[0m&amp#27;[32mthe response body contains:&amp#27;[0m                                 &amp#27;[90m# com.tecnocampus.outlaws.steps.SheriffSteps.theResponseBodyContains(io.cucumber.datatable.DataTable)&amp#27;[0m
    | name        | bounty | status   |
    | Jesse James | 5000   | CAPTURED |
  &amp#27;[32mWhen &amp#27;[0m&amp#27;[32mI retrieve the sheriff by ID&amp#27;[0m                               &amp#27;[90m# com.tecnocampus.outlaws.steps.SheriffSteps.iRetrieveTheSheriffById()&amp#27;[0m
  &amp#27;[32mAnd &amp#27;[0m&amp#27;[32mthe response body should contain the sheriff resource with:&amp#27;[0m &amp#27;[90m# com.tecnocampus.outlaws.steps.SheriffSteps.the_response_body_should_contain_the_sheriff_resource_with(io.cucumber.datatable.DataTable)&amp#27;[0m
    | name       | salary | captures | eliminations |
    | Wyatt Earp | 6000   | 1        | 0            |
  &amp#27;[32mWhen &amp#27;[0m&amp#27;[32mthe sheriff eliminates the outlaw&amp#27;[0m                          &amp#27;[90m# com.tecnocampus.outlaws.steps.SheriffSteps.theSheriffEliminatesTheOutlaw()&amp#27;[0m
  &amp#27;[32mAnd &amp#27;[0m&amp#27;[32mthe response body contains:&amp#27;[0m                                 &amp#27;[90m# com.tecnocampus.outlaws.steps.SheriffSteps.theResponseBodyContains(io.cucumber.datatable.DataTable)&amp#27;[0m
    | name        | bounty | status     |
    | Jesse James | 5000   | ELIMINATED |
  &amp#27;[32mWhen &amp#27;[0m&amp#27;[32mI retrieve the sheriff by ID&amp#27;[0m                               &amp#27;[90m# com.tecnocampus.outlaws.steps.SheriffSteps.iRetrieveTheSheriffById()&amp#27;[0m
  &amp#27;[32mAnd &amp#27;[0m&amp#27;[32mthe response body should contain the sheriff resource with:&amp#27;[0m &amp#27;[90m# com.tecnocampus.outlaws.steps.SheriffSteps.the_response_body_should_contain_the_sheriff_resource_with(io.cucumber.datatable.DataTable)&amp#27;[0m
    | name       | salary | captures | eliminations |
    | Wyatt Earp | 6000   | 1        | 1            |
  &amp#27;[32mThen &amp#27;[0m&amp#27;[32mthe response status is &amp#27;[0m&amp#27;[32m&amp#27;[1m"200"&amp#27;[0m                               &amp#27;[90m# com.tecnocampus.outlaws.steps.SheriffSteps.theResponseStatusIs(java.lang.String)&amp#27;[0m
]]></system-out>
  </testcase>
  <testcase name="Eliminate an outlaw successfully" classname="Manage Sheriffs" time="0.01">
    <system-out><![CDATA[2025-03-07T12:18:32.652+01:00  INFO 13648 --- [Wild West Outlaws] [           main] t.c.s.AnnotationConfigContextLoaderUtils : Could not detect default configuration classes for test class [com.tecnocampus.outlaws.steps.CucumberSpringConfiguration]: CucumberSpringConfiguration does not declare any static, non-private, non-final, nested classes annotated with @Configuration.
2025-03-07T12:18:32.654+01:00  INFO 13648 --- [Wild West Outlaws] [           main] .b.t.c.SpringBootTestContextBootstrapper : Found @SpringBootConfiguration com.tecnocampus.outlaws.WildWestOutlawsApplication for test class com.tecnocampus.outlaws.steps.CucumberSpringConfiguration

Scenario: Eliminate an outlaw successfully                        &amp#27;[90m# com.tecnocampus.outlaws.cucumberspringboot/sheriff.feature:89&amp#27;[0m
  &amp#27;[32mGiven &amp#27;[0m&amp#27;[32man outlaw created with:&amp#27;[0m                                   &amp#27;[90m# com.tecnocampus.outlaws.steps.SheriffSteps.anOutlawCreatedWith(io.cucumber.datatable.DataTable)&amp#27;[0m
    | name        | bounty | status |
    | Jesse James | 5000   | FREE   |
  &amp#27;[32mAnd &amp#27;[0m&amp#27;[32ma sheriff exists with:&amp#27;[0m                                      &amp#27;[90m# com.tecnocampus.outlaws.steps.SheriffSteps.aSheriffExistsWith(io.cucumber.datatable.DataTable)&amp#27;[0m
    | name       | salary | captures | eliminations |
    | Wyatt Earp | 1000   | 0        | 0            |
  &amp#27;[32mWhen &amp#27;[0m&amp#27;[32mthe sheriff eliminates the outlaw&amp#27;[0m                          &amp#27;[90m# com.tecnocampus.outlaws.steps.SheriffSteps.theSheriffEliminatesTheOutlaw()&amp#27;[0m
  &amp#27;[32mThen &amp#27;[0m&amp#27;[32mthe response status is &amp#27;[0m&amp#27;[32m&amp#27;[1m"200"&amp#27;[0m                               &amp#27;[90m# com.tecnocampus.outlaws.steps.SheriffSteps.theResponseStatusIs(java.lang.String)&amp#27;[0m
  &amp#27;[32mAnd &amp#27;[0m&amp#27;[32mthe response body contains:&amp#27;[0m                                 &amp#27;[90m# com.tecnocampus.outlaws.steps.SheriffSteps.theResponseBodyContains(io.cucumber.datatable.DataTable)&amp#27;[0m
    | name        | bounty | status     |
    | Jesse James | 5000   | ELIMINATED |
  &amp#27;[32mWhen &amp#27;[0m&amp#27;[32mI retrieve the sheriff by ID&amp#27;[0m                               &amp#27;[90m# com.tecnocampus.outlaws.steps.SheriffSteps.iRetrieveTheSheriffById()&amp#27;[0m
  &amp#27;[32mAnd &amp#27;[0m&amp#27;[32mthe response body should contain the sheriff resource with:&amp#27;[0m &amp#27;[90m# com.tecnocampus.outlaws.steps.SheriffSteps.the_response_body_should_contain_the_sheriff_resource_with(io.cucumber.datatable.DataTable)&amp#27;[0m
    | name       | salary | captures | eliminations |
    | Wyatt Earp | 1000   | 0        | 1            |
  &amp#27;[32mWhen &amp#27;[0m&amp#27;[32mthe sheriff captures the outlaw&amp#27;[0m                            &amp#27;[90m# com.tecnocampus.outlaws.steps.SheriffSteps.theSheriffCapturesTheOutlaw()&amp#27;[0m
  &amp#27;[32mThen &amp#27;[0m&amp#27;[32mthe response status is &amp#27;[0m&amp#27;[32m&amp#27;[1m"400"&amp#27;[0m                               &amp#27;[90m# com.tecnocampus.outlaws.steps.SheriffSteps.theResponseStatusIs(java.lang.String)&amp#27;[0m
]]></system-out>
  </testcase>
  <testcase name="Prevent capturing an already captured outlaw" classname="Manage Sheriffs" time="0.007">
    <system-out><![CDATA[2025-03-07T12:18:32.661+01:00  INFO 13648 --- [Wild West Outlaws] [           main] t.c.s.AnnotationConfigContextLoaderUtils : Could not detect default configuration classes for test class [com.tecnocampus.outlaws.steps.CucumberSpringConfiguration]: CucumberSpringConfiguration does not declare any static, non-private, non-final, nested classes annotated with @Configuration.
2025-03-07T12:18:32.662+01:00  INFO 13648 --- [Wild West Outlaws] [           main] .b.t.c.SpringBootTestContextBootstrapper : Found @SpringBootConfiguration com.tecnocampus.outlaws.WildWestOutlawsApplication for test class com.tecnocampus.outlaws.steps.CucumberSpringConfiguration

Scenario: Prevent capturing an already captured outlaw &amp#27;[90m# com.tecnocampus.outlaws.cucumberspringboot/sheriff.feature:108&amp#27;[0m
  &amp#27;[32mGiven &amp#27;[0m&amp#27;[32man outlaw created with:&amp#27;[0m                        &amp#27;[90m# com.tecnocampus.outlaws.steps.SheriffSteps.anOutlawCreatedWith(io.cucumber.datatable.DataTable)&amp#27;[0m
    | name        | bounty | status   |
    | Jesse James | 5000   | captured |
  &amp#27;[32mAnd &amp#27;[0m&amp#27;[32ma sheriff exists with:&amp#27;[0m                           &amp#27;[90m# com.tecnocampus.outlaws.steps.SheriffSteps.aSheriffExistsWith(io.cucumber.datatable.DataTable)&amp#27;[0m
    | name       | salary | captures | eliminations |
    | Wyatt Earp | 1000   | 0        | 0            |
  &amp#27;[32mWhen &amp#27;[0m&amp#27;[32mthe sheriff captures the outlaw&amp#27;[0m                 &amp#27;[90m# com.tecnocampus.outlaws.steps.SheriffSteps.theSheriffCapturesTheOutlaw()&amp#27;[0m
  &amp#27;[32mThen &amp#27;[0m&amp#27;[32mthe response status is &amp#27;[0m&amp#27;[32m&amp#27;[1m"400"&amp#27;[0m                    &amp#27;[90m# com.tecnocampus.outlaws.steps.SheriffSteps.theResponseStatusIs(java.lang.String)&amp#27;[0m
]]></system-out>
  </testcase>
  <testcase name="Prevent eliminating an already eliminated outlaw" classname="Manage Sheriffs" time="0.008">
    <system-out><![CDATA[2025-03-07T12:18:32.668+01:00  INFO 13648 --- [Wild West Outlaws] [           main] t.c.s.AnnotationConfigContextLoaderUtils : Could not detect default configuration classes for test class [com.tecnocampus.outlaws.steps.CucumberSpringConfiguration]: CucumberSpringConfiguration does not declare any static, non-private, non-final, nested classes annotated with @Configuration.
2025-03-07T12:18:32.669+01:00  INFO 13648 --- [Wild West Outlaws] [           main] .b.t.c.SpringBootTestContextBootstrapper : Found @SpringBootConfiguration com.tecnocampus.outlaws.WildWestOutlawsApplication for test class com.tecnocampus.outlaws.steps.CucumberSpringConfiguration

Scenario: Prevent eliminating an already eliminated outlaw &amp#27;[90m# com.tecnocampus.outlaws.cucumberspringboot/sheriff.feature:118&amp#27;[0m
  &amp#27;[32mGiven &amp#27;[0m&amp#27;[32man outlaw created with:&amp#27;[0m                            &amp#27;[90m# com.tecnocampus.outlaws.steps.SheriffSteps.anOutlawCreatedWith(io.cucumber.datatable.DataTable)&amp#27;[0m
    | name        | bounty | status     |
    | Jesse James | 5000   | eliminated |
  &amp#27;[32mAnd &amp#27;[0m&amp#27;[32ma sheriff exists with:&amp#27;[0m                               &amp#27;[90m# com.tecnocampus.outlaws.steps.SheriffSteps.aSheriffExistsWith(io.cucumber.datatable.DataTable)&amp#27;[0m
    | name       | salary | captures | eliminations |
    | Wyatt Earp | 1000   | 0        | 0            |
  &amp#27;[32mWhen &amp#27;[0m&amp#27;[32mthe sheriff eliminates the outlaw&amp#27;[0m                   &amp#27;[90m# com.tecnocampus.outlaws.steps.SheriffSteps.theSheriffEliminatesTheOutlaw()&amp#27;[0m
  &amp#27;[32mThen &amp#27;[0m&amp#27;[32mthe response status is &amp#27;[0m&amp#27;[32m&amp#27;[1m"400"&amp#27;[0m                        &amp#27;[90m# com.tecnocampus.outlaws.steps.SheriffSteps.theResponseStatusIs(java.lang.String)&amp#27;[0m
]]></system-out>
  </testcase>
  <testcase name="Prevent capturing an already eliminated outlaw" classname="Manage Sheriffs" time="0.007">
    <system-out><![CDATA[2025-03-07T12:18:32.676+01:00  INFO 13648 --- [Wild West Outlaws] [           main] t.c.s.AnnotationConfigContextLoaderUtils : Could not detect default configuration classes for test class [com.tecnocampus.outlaws.steps.CucumberSpringConfiguration]: CucumberSpringConfiguration does not declare any static, non-private, non-final, nested classes annotated with @Configuration.
2025-03-07T12:18:32.677+01:00  INFO 13648 --- [Wild West Outlaws] [           main] .b.t.c.SpringBootTestContextBootstrapper : Found @SpringBootConfiguration com.tecnocampus.outlaws.WildWestOutlawsApplication for test class com.tecnocampus.outlaws.steps.CucumberSpringConfiguration

Scenario: Prevent capturing an already eliminated outlaw &amp#27;[90m# com.tecnocampus.outlaws.cucumberspringboot/sheriff.feature:128&amp#27;[0m
  &amp#27;[32mGiven &amp#27;[0m&amp#27;[32man outlaw created with:&amp#27;[0m                          &amp#27;[90m# com.tecnocampus.outlaws.steps.SheriffSteps.anOutlawCreatedWith(io.cucumber.datatable.DataTable)&amp#27;[0m
    | name        | bounty | status     |
    | Jesse James | 5000   | eliminated |
  &amp#27;[32mAnd &amp#27;[0m&amp#27;[32ma sheriff exists with:&amp#27;[0m                             &amp#27;[90m# com.tecnocampus.outlaws.steps.SheriffSteps.aSheriffExistsWith(io.cucumber.datatable.DataTable)&amp#27;[0m
    | name       | salary | captures | eliminations |
    | Wyatt Earp | 1000   | 0        | 0            |
  &amp#27;[32mWhen &amp#27;[0m&amp#27;[32mthe sheriff captures the outlaw&amp#27;[0m                   &amp#27;[90m# com.tecnocampus.outlaws.steps.SheriffSteps.theSheriffCapturesTheOutlaw()&amp#27;[0m
  &amp#27;[32mThen &amp#27;[0m&amp#27;[32mthe response status is &amp#27;[0m&amp#27;[32m&amp#27;[1m"400"&amp#27;[0m                      &amp#27;[90m# com.tecnocampus.outlaws.steps.SheriffSteps.theResponseStatusIs(java.lang.String)&amp#27;[0m
]]></system-out>
  </testcase>
  <testcase name="Prevent status change for non-existing outlaw" classname="Manage Sheriffs" time="0.007">
    <system-out><![CDATA[2025-03-07T12:18:32.684+01:00  INFO 13648 --- [Wild West Outlaws] [           main] t.c.s.AnnotationConfigContextLoaderUtils : Could not detect default configuration classes for test class [com.tecnocampus.outlaws.steps.CucumberSpringConfiguration]: CucumberSpringConfiguration does not declare any static, non-private, non-final, nested classes annotated with @Configuration.
2025-03-07T12:18:32.685+01:00  INFO 13648 --- [Wild West Outlaws] [           main] .b.t.c.SpringBootTestContextBootstrapper : Found @SpringBootConfiguration com.tecnocampus.outlaws.WildWestOutlawsApplication for test class com.tecnocampus.outlaws.steps.CucumberSpringConfiguration

Scenario: Prevent status change for non-existing outlaw     &amp#27;[90m# com.tecnocampus.outlaws.cucumberspringboot/sheriff.feature:139&amp#27;[0m
  &amp#27;[32mGiven &amp#27;[0m&amp#27;[32ma sheriff exists with:&amp#27;[0m                              &amp#27;[90m# com.tecnocampus.outlaws.steps.SheriffSteps.aSheriffExistsWith(io.cucumber.datatable.DataTable)&amp#27;[0m
    | name       | salary | captures | eliminations |
    | Wyatt Earp | 1000   | 0        | 0            |
  &amp#27;[32mWhen &amp#27;[0m&amp#27;[32mthe sheriff tries to capture a non-existing outlaw&amp#27;[0m   &amp#27;[90m# com.tecnocampus.outlaws.steps.SheriffSteps.the_sheriff_tries_to_capture_a_non_existing_outlaw()&amp#27;[0m
  &amp#27;[32mThen &amp#27;[0m&amp#27;[32mthe response status is &amp#27;[0m&amp#27;[32m&amp#27;[1m"404"&amp#27;[0m                         &amp#27;[90m# com.tecnocampus.outlaws.steps.SheriffSteps.theResponseStatusIs(java.lang.String)&amp#27;[0m
  &amp#27;[32mWhen &amp#27;[0m&amp#27;[32mthe sheriff tries to eliminate a non-existing outlaw&amp#27;[0m &amp#27;[90m# com.tecnocampus.outlaws.steps.SheriffSteps.the_sheriff_tries_to_eliminate_a_non_existing_outlaw()&amp#27;[0m
  &amp#27;[32mThen &amp#27;[0m&amp#27;[32mthe response status is &amp#27;[0m&amp#27;[32m&amp#27;[1m"404"&amp#27;[0m                         &amp#27;[90m# com.tecnocampus.outlaws.steps.SheriffSteps.theResponseStatusIs(java.lang.String)&amp#27;[0m
]]></system-out>
  </testcase>
</testsuite>